<?xml version="1.0" encoding="UTF-8"?>
<!-- Generated by org.testng.reporters.JUnitReportReporter -->
<testsuite hostname="MacBook-Pro-de-Antonio.local" failures="0" tests="1" name="vehicletest.VehicleTest" time="0.021" errors="0" timestamp="2021-09-09T20:29:30 PET" skipped="0">
  <testcase classname="vehicletest.VehicleTest" name="TestTruckWhileTripSuccess" time="0.021"/>
  <system-out/>
</testsuite> <!-- vehicletest.VehicleTest -->
