<?xml version="1.0" encoding="UTF-8"?>
<!-- Generated by org.testng.reporters.JUnitReportReporter -->
<testsuite hostname="MacBook-Pro-de-Antonio.local" failures="0" tests="80" name="vehicletest.TestTruckParallel" time="44.422" errors="0" timestamp="2021-09-10T19:59:26 PET" skipped="0">
  <testcase classname="vehicletest.TestTruckParallel" name="TestTruckRefuel" time="0.443"/>
  <system-out/>
  <testcase classname="vehicletest.TestTruckParallel" name="TestTruckRefuel" time="0.541"/>
  <system-out/>
  <testcase classname="vehicletest.TestTruckParallel" name="TestTruckRefuel" time="0.486"/>
  <system-out/>
  <testcase classname="vehicletest.TestTruckParallel" name="TestTruckRefuel" time="0.584"/>
  <system-out/>
  <testcase classname="vehicletest.TestTruckParallel" name="TestTruckRefuel" time="0.614"/>
  <system-out/>
  <testcase classname="vehicletest.TestTruckParallel" name="TestTruckRefuel" time="0.546"/>
  <system-out/>
  <testcase classname="vehicletest.TestTruckParallel" name="TestTruckRefuel" time="0.573"/>
  <system-out/>
  <testcase classname="vehicletest.TestTruckParallel" name="TestTruckRefuel" time="0.547"/>
  <system-out/>
  <testcase classname="vehicletest.TestTruckParallel" name="TestTruckRefuel" time="0.478"/>
  <system-out/>
  <testcase classname="vehicletest.TestTruckParallel" name="TestTruckRefuel" time="0.497"/>
  <system-out/>
  <testcase classname="vehicletest.TestTruckParallel" name="TestTruckRefuel" time="0.567"/>
  <system-out/>
  <testcase classname="vehicletest.TestTruckParallel" name="TestTruckRefuel" time="0.547"/>
  <system-out/>
  <testcase classname="vehicletest.TestTruckParallel" name="TestTruckRefuel" time="0.500"/>
  <system-out/>
  <testcase classname="vehicletest.TestTruckParallel" name="TestTruckRefuel" time="0.503"/>
  <system-out/>
  <testcase classname="vehicletest.TestTruckParallel" name="TestTruckRefuel" time="0.526"/>
  <system-out/>
  <testcase classname="vehicletest.TestTruckParallel" name="TestTruckRefuel" time="0.630"/>
  <system-out/>
  <testcase classname="vehicletest.TestTruckParallel" name="TestTruckRefuel" time="0.589"/>
  <system-out/>
  <testcase classname="vehicletest.TestTruckParallel" name="TestTruckRefuel" time="0.574"/>
  <system-out/>
  <testcase classname="vehicletest.TestTruckParallel" name="TestTruckRefuel" time="0.519"/>
  <system-out/>
  <testcase classname="vehicletest.TestTruckParallel" name="TestTruckRefuel" time="0.602"/>
  <system-out/>
  <testcase classname="vehicletest.TestTruckParallel" name="TestTruckRefuel" time="0.631"/>
  <system-out/>
  <testcase classname="vehicletest.TestTruckParallel" name="TestTruckRefuel" time="0.597"/>
  <system-out/>
  <testcase classname="vehicletest.TestTruckParallel" name="TestTruckRefuel" time="0.543"/>
  <system-out/>
  <testcase classname="vehicletest.TestTruckParallel" name="TestTruckRefuel" time="0.514"/>
  <system-out/>
  <testcase classname="vehicletest.TestTruckParallel" name="TestTruckRefuel" time="0.531"/>
  <system-out/>
  <testcase classname="vehicletest.TestTruckParallel" name="TestTruckRefuel" time="0.532"/>
  <system-out/>
  <testcase classname="vehicletest.TestTruckParallel" name="TestTruckRefuel" time="0.537"/>
  <system-out/>
  <testcase classname="vehicletest.TestTruckParallel" name="TestTruckRefuel" time="0.555"/>
  <system-out/>
  <testcase classname="vehicletest.TestTruckParallel" name="TestTruckRefuel" time="0.602"/>
  <system-out/>
  <testcase classname="vehicletest.TestTruckParallel" name="TestTruckRefuel" time="0.493"/>
  <system-out/>
  <testcase classname="vehicletest.TestTruckParallel" name="TestTruckRefuel" time="0.647"/>
  <system-out/>
  <testcase classname="vehicletest.TestTruckParallel" name="TestTruckRefuel" time="0.640"/>
  <system-out/>
  <testcase classname="vehicletest.TestTruckParallel" name="TestTruckRefuel" time="0.480"/>
  <system-out/>
  <testcase classname="vehicletest.TestTruckParallel" name="TestTruckRefuel" time="0.526"/>
  <system-out/>
  <testcase classname="vehicletest.TestTruckParallel" name="TestTruckRefuel" time="0.586"/>
  <system-out/>
  <testcase classname="vehicletest.TestTruckParallel" name="TestTruckRefuel" time="0.552"/>
  <system-out/>
  <testcase classname="vehicletest.TestTruckParallel" name="TestTruckRefuel" time="0.535"/>
  <system-out/>
  <testcase classname="vehicletest.TestTruckParallel" name="TestTruckRefuel" time="0.538"/>
  <system-out/>
  <testcase classname="vehicletest.TestTruckParallel" name="TestTruckRefuel" time="0.546"/>
  <system-out/>
  <testcase classname="vehicletest.TestTruckParallel" name="TestTruckRefuel" time="0.498"/>
  <system-out/>
  <testcase classname="vehicletest.TestTruckParallel" name="TestTruckRefuel" time="0.582"/>
  <system-out/>
  <testcase classname="vehicletest.TestTruckParallel" name="TestTruckRefuel" time="0.583"/>
  <system-out/>
  <testcase classname="vehicletest.TestTruckParallel" name="TestTruckRefuel" time="0.450"/>
  <system-out/>
  <testcase classname="vehicletest.TestTruckParallel" name="TestTruckRefuel" time="0.580"/>
  <system-out/>
  <testcase classname="vehicletest.TestTruckParallel" name="TestTruckRefuel" time="0.587"/>
  <system-out/>
  <testcase classname="vehicletest.TestTruckParallel" name="TestTruckRefuel" time="0.622"/>
  <system-out/>
  <testcase classname="vehicletest.TestTruckParallel" name="TestTruckRefuel" time="0.473"/>
  <system-out/>
  <testcase classname="vehicletest.TestTruckParallel" name="TestTruckRefuel" time="0.520"/>
  <system-out/>
  <testcase classname="vehicletest.TestTruckParallel" name="TestTruckRefuel" time="0.592"/>
  <system-out/>
  <testcase classname="vehicletest.TestTruckParallel" name="TestTruckRefuel" time="0.609"/>
  <system-out/>
  <testcase classname="vehicletest.TestTruckParallel" name="TestTruckRefuel" time="0.584"/>
  <system-out/>
  <testcase classname="vehicletest.TestTruckParallel" name="TestTruckRefuel" time="0.625"/>
  <system-out/>
  <testcase classname="vehicletest.TestTruckParallel" name="TestTruckRefuel" time="0.564"/>
  <system-out/>
  <testcase classname="vehicletest.TestTruckParallel" name="TestTruckRefuel" time="0.506"/>
  <system-out/>
  <testcase classname="vehicletest.TestTruckParallel" name="TestTruckRefuel" time="0.527"/>
  <system-out/>
  <testcase classname="vehicletest.TestTruckParallel" name="TestTruckRefuel" time="0.601"/>
  <system-out/>
  <testcase classname="vehicletest.TestTruckParallel" name="TestTruckRefuel" time="0.574"/>
  <system-out/>
  <testcase classname="vehicletest.TestTruckParallel" name="TestTruckRefuel" time="0.497"/>
  <system-out/>
  <testcase classname="vehicletest.TestTruckParallel" name="TestTruckRefuel" time="0.572"/>
  <system-out/>
  <testcase classname="vehicletest.TestTruckParallel" name="TestTruckRefuel" time="0.622"/>
  <system-out/>
  <testcase classname="vehicletest.TestTruckParallel" name="TestTruckRefuel" time="0.534"/>
  <system-out/>
  <testcase classname="vehicletest.TestTruckParallel" name="TestTruckRefuel" time="0.577"/>
  <system-out/>
  <testcase classname="vehicletest.TestTruckParallel" name="TestTruckRefuel" time="0.614"/>
  <system-out/>
  <testcase classname="vehicletest.TestTruckParallel" name="TestTruckRefuel" time="0.591"/>
  <system-out/>
  <testcase classname="vehicletest.TestTruckParallel" name="TestTruckRefuel" time="0.570"/>
  <system-out/>
  <testcase classname="vehicletest.TestTruckParallel" name="TestTruckRefuel" time="0.541"/>
  <system-out/>
  <testcase classname="vehicletest.TestTruckParallel" name="TestTruckRefuel" time="0.635"/>
  <system-out/>
  <testcase classname="vehicletest.TestTruckParallel" name="TestTruckRefuel" time="0.465"/>
  <system-out/>
  <testcase classname="vehicletest.TestTruckParallel" name="TestTruckRefuel" time="0.594"/>
  <system-out/>
  <testcase classname="vehicletest.TestTruckParallel" name="TestTruckRefuel" time="0.497"/>
  <system-out/>
  <testcase classname="vehicletest.TestTruckParallel" name="TestTruckRefuel" time="0.575"/>
  <system-out/>
  <testcase classname="vehicletest.TestTruckParallel" name="TestTruckRefuel" time="0.545"/>
  <system-out/>
  <testcase classname="vehicletest.TestTruckParallel" name="TestTruckRefuel" time="0.597"/>
  <system-out/>
  <testcase classname="vehicletest.TestTruckParallel" name="TestTruckRefuel" time="0.635"/>
  <system-out/>
  <testcase classname="vehicletest.TestTruckParallel" name="TestTruckRefuel" time="0.592"/>
  <system-out/>
  <testcase classname="vehicletest.TestTruckParallel" name="TestTruckRefuel" time="0.512"/>
  <system-out/>
  <testcase classname="vehicletest.TestTruckParallel" name="TestTruckRefuel" time="0.496"/>
  <system-out/>
  <testcase classname="vehicletest.TestTruckParallel" name="TestTruckRefuel" time="0.567"/>
  <system-out/>
  <testcase classname="vehicletest.TestTruckParallel" name="TestTruckRefuel" time="0.492"/>
  <system-out/>
  <testcase classname="vehicletest.TestTruckParallel" name="TestTruckRefuel" time="0.574"/>
  <system-out/>
</testsuite> <!-- vehicletest.TestTruckParallel -->
