<?xml version="1.0" encoding="UTF-8"?>
<!-- Generated by org.testng.reporters.JUnitReportReporter -->
<testsuite hostname="MacBook-Pro-de-Antonio.local" failures="0" tests="11" name="vehicletest.VehicleTest" time="0.028" errors="0" timestamp="2021-09-10T19:59:26 PET" skipped="0">
  <testcase classname="vehicletest.VehicleTest" name="TestTruckWhileRefuelFail" time="0.000"/>
  <system-out/>
  <testcase classname="vehicletest.VehicleTest" name="TestTruckWhileTripFail" time="0.000"/>
  <system-out/>
  <testcase classname="vehicletest.VehicleTest" name="TestVehicleTrip" time="0.002"/>
  <system-out/>
  <testcase classname="vehicletest.VehicleTest" name="TestVehicleSupplying" time="0.000"/>
  <system-out/>
  <testcase classname="vehicletest.VehicleTest" name="TestCarWhileTripSuccess" time="0.000"/>
  <system-out/>
  <testcase classname="vehicletest.VehicleTest" name="TestVehicleSetCapacity" time="0.000"/>
  <system-out/>
  <testcase classname="vehicletest.VehicleTest" name="TestTruckWhileRefuelSuccess" time="0.001"/>
  <system-out/>
  <testcase classname="vehicletest.VehicleTest" name="TestCarWhileRefuelFail" time="0.022"/>
  <system-out/>
  <testcase classname="vehicletest.VehicleTest" name="TestCarWhileRefuelSuccess" time="0.003"/>
  <system-out/>
  <testcase classname="vehicletest.VehicleTest" name="TestCarWhileTripFail" time="0.000"/>
  <system-out/>
  <testcase classname="vehicletest.VehicleTest" name="TestTruckWhileTripSuccess" time="0.000"/>
  <system-out/>
</testsuite> <!-- vehicletest.VehicleTest -->
