<?xml version="1.0" encoding="UTF-8"?>
<!-- Generated by org.testng.reporters.JUnitReportReporter -->
<testsuite hostname="MacBook-Pro-de-Antonio.local" failures="0" tests="4" name="vehicletest.VehicleTest" time="0.019" errors="0" timestamp="2021-09-09T20:51:34 PET" skipped="0">
  <testcase classname="vehicletest.VehicleTest" name="TestTruckWhileTripFail" time="0.000"/>
  <system-out/>
  <testcase classname="vehicletest.VehicleTest" name="TestTruckWhileRefuelSuccess" time="0.001"/>
  <system-out/>
  <testcase classname="vehicletest.VehicleTest" name="TestTruckWhileRefuelFail" time="0.018"/>
  <system-out/>
  <testcase classname="vehicletest.VehicleTest" name="TestTruckWhileTripSuccess" time="0.000"/>
  <system-out/>
</testsuite> <!-- vehicletest.VehicleTest -->
